\BOOKMARK [0][-]{chapter.1}{\376\377\000I\000n\000t\000r\000o\000d\000u\000c\000c\000i\000\363\000n}{}% 1
\BOOKMARK [1][-]{section.2}{\376\377\000V\000i\000s\000i\000\363\000n\000\040\000a\000r\000t\000i\000f\000i\000c\000i\000a\000l}{chapter.1}% 2
\BOOKMARK [1][-]{section.10}{\376\377\000A\000u\000t\000o\000l\000o\000c\000a\000l\000i\000z\000a\000c\000i\000\363\000n\000\040\000v\000i\000s\000u\000a\000l}{chapter.1}% 3
\BOOKMARK [2][-]{subsection.13}{\376\377\000R\000e\000a\000l\000i\000d\000a\000d\000\040\000a\000u\000m\000e\000n\000t\000a\000d\000a}{section.10}% 4
\BOOKMARK [1][-]{section.16}{\376\377\000T\000\351\000c\000n\000i\000c\000a\000s\000\040\000d\000e\000\040\000a\000u\000t\000o\000l\000o\000c\000a\000l\000i\000z\000a\000c\000i\000\363\000n\000\040\000v\000i\000s\000u\000a\000l}{chapter.1}% 5
\BOOKMARK [2][-]{subsection.17}{\376\377\000S\000t\000r\000u\000c\000t\000u\000r\000e\000\040\000f\000r\000o\000m\000\040\000M\000o\000t\000i\000o\000n\000\040\000\050\000S\000f\000M\000\051}{section.16}% 6
\BOOKMARK [2][-]{subsection.19}{\376\377\000V\000i\000s\000u\000a\000l\000\040\000S\000L\000A\000M}{section.16}% 7
\BOOKMARK [3][-]{section*.20}{\376\377\000O\000d\000o\000m\000e\000t\000r\000\355\000a\000\040\000v\000i\000s\000u\000a\000l}{subsection.19}% 8
\BOOKMARK [0][-]{chapter.24}{\376\377\000O\000b\000j\000e\000t\000i\000v\000o\000s}{}% 9
\BOOKMARK [1][-]{section.25}{\376\377\000D\000e\000s\000c\000r\000i\000p\000c\000i\000\363\000n\000\040\000d\000e\000l\000\040\000p\000r\000o\000b\000l\000e\000m\000a}{chapter.24}% 10
\BOOKMARK [1][-]{section.31}{\376\377\000R\000e\000q\000u\000i\000s\000i\000t\000o\000s}{chapter.24}% 11
\BOOKMARK [1][-]{section.36}{\376\377\000M\000e\000t\000o\000d\000o\000l\000o\000g\000\355\000a}{chapter.24}% 12
\BOOKMARK [1][-]{section.38}{\376\377\000P\000l\000a\000n\000i\000f\000i\000c\000a\000c\000i\000\363\000n}{chapter.24}% 13
\BOOKMARK [0][-]{chapter.39}{\376\377\000I\000n\000f\000r\000a\000e\000s\000t\000r\000u\000c\000t\000u\000r\000a}{}% 14
\BOOKMARK [1][-]{section.40}{\376\377\000S\000e\000n\000s\000o\000r\000e\000s\000\040\000R\000G\000B\000D}{chapter.39}% 15
\BOOKMARK [1][-]{section.45}{\376\377\000J\000D\000e\000R\000o\000b\000o\000t}{chapter.39}% 16
\BOOKMARK [2][-]{subsection.48}{\376\377\000B\000i\000b\000l\000i\000o\000t\000e\000c\000a\000\040\000P\000r\000o\000g\000e\000o}{section.45}% 17
\BOOKMARK [2][-]{subsection.50}{\376\377\000B\000i\000b\000l\000i\000o\000t\000e\000c\000a\000\040\000p\000a\000r\000a\000l\000l\000e\000l\000I\000c\000e}{section.45}% 18
\BOOKMARK [2][-]{subsection.51}{\376\377\000S\000e\000r\000v\000i\000d\000o\000r\000\040\000O\000p\000e\000n\000n\000i\000S\000e\000r\000v\000e\000r}{section.45}% 19
\BOOKMARK [2][-]{subsection.52}{\376\377\000H\000e\000r\000r\000a\000m\000i\000e\000n\000t\000a\000\040\000R\000G\000B\000D\000V\000i\000e\000w\000e\000r}{section.45}% 20
\BOOKMARK [2][-]{subsection.54}{\376\377\000P\000o\000s\000e\0003\000D}{section.45}% 21
\BOOKMARK [1][-]{section.55}{\376\377\000B\000i\000b\000l\000i\000o\000t\000e\000c\000a\000\040\000I\000C\000E\000\040\000d\000e\000\040\000c\000o\000m\000u\000n\000i\000c\000a\000c\000i\000o\000n\000e\000s}{chapter.39}% 22
\BOOKMARK [1][-]{section.57}{\376\377\000B\000i\000b\000l\000i\000o\000t\000e\000c\000a\000\040\000P\000o\000i\000n\000t\000\040\000C\000l\000o\000u\000d\000\040\000L\000i\000b\000r\000a\000r\000y\000\040\000\050\000P\000C\000L\000\051}{chapter.39}% 23
\BOOKMARK [1][-]{section.59}{\376\377\000B\000i\000b\000l\000i\000o\000t\000e\000c\000a\000\040\000O\000p\000e\000n\000C\000V}{chapter.39}% 24
\BOOKMARK [1][-]{section.62}{\376\377\000B\000i\000b\000l\000i\000o\000t\000e\000c\000a\000\040\000E\000i\000g\000e\000n}{chapter.39}% 25
\BOOKMARK [1][-]{section.65}{\376\377\000B\000i\000b\000l\000i\000o\000t\000e\000c\000a\000\040\000d\000e\000\040\000i\000n\000t\000e\000r\000f\000a\000z\000\040\000g\000r\000\341\000f\000i\000c\000a\000\040\000G\000T\000K\000+}{chapter.39}% 26
\BOOKMARK [2][-]{subsection.67}{\376\377\000G\000l\000a\000d\000e}{section.65}% 27
\BOOKMARK [1][-]{section.69}{\376\377\000O\000p\000e\000n\000G\000L}{chapter.39}% 28
\BOOKMARK [0][-]{chapter*.73}{\376\377\000B\000i\000b\000l\000i\000o\000g\000r\000a\000f\000\355\000a}{}% 29
